<?xml version="1.0" encoding="UTF-8"?>
<!-- Generated by org.testng.reporters.JUnitXMLReporter -->
<testsuite ignored="0" hostname="DESKTOP-1GJQ8KB" failures="0" tests="3" name="OrderSubmission" time="56.593" errors="0" timestamp="2024-06-26T12:39:08 IST">
  <testcase classname="rahulshettyacademy.Tests.OrderSubmission" name="SubmitOrder" time="16.496"/>
  <testcase classname="rahulshettyacademy.Tests.OrderSubmission" name="SubmitOrder" time="14.692"/>
  <testcase classname="rahulshettyacademy.Tests.OrderSubmission" name="OrderHistoryTest" time="0.831"/>
</testsuite> <!-- OrderSubmission -->
