<?xml version="1.0" encoding="UTF-8"?>
<testng-results ignored="0" total="1" passed="1" failed="0" skipped="0">
  <reporter-output>
  </reporter-output>
  <suite started-at="2024-06-29T14:04:11 IST" name="Suite" finished-at="2024-06-29T14:04:20 IST" duration-ms="9001">
    <groups>
      <group name="ErrorHandling">
        <method signature="ErrorValidations.LoginErrorValidation()[pri:0, instance:rahulshettyacademy.Tests.ErrorValidations@59474f18]" name="LoginErrorValidation" class="rahulshettyacademy.Tests.ErrorValidations"/>
      </group> <!-- ErrorHandling -->
    </groups>
    <test started-at="2024-06-29T14:04:11 IST" name="OrderSubmission" finished-at="2024-06-29T14:04:11 IST" duration-ms="21">
    </test> <!-- OrderSubmission -->
    <test started-at="2024-06-29T14:04:11 IST" name="Error Validation" finished-at="2024-06-29T14:04:20 IST" duration-ms="9000">
      <class name="rahulshettyacademy.Tests.ErrorValidations">
        <test-method is-config="true" signature="launchApplication()[pri:0, instance:rahulshettyacademy.Tests.ErrorValidations@59474f18]" started-at="2024-06-29T14:04:12 IST" name="launchApplication" finished-at="2024-06-29T14:04:17 IST" duration-ms="5649" status="PASS">
          <reporter-output>
          </reporter-output>
        </test-method> <!-- launchApplication -->
        <test-method signature="LoginErrorValidation()[pri:0, instance:rahulshettyacademy.Tests.ErrorValidations@59474f18]" started-at="2024-06-29T14:04:17 IST" name="LoginErrorValidation" finished-at="2024-06-29T14:04:20 IST" duration-ms="3168" status="PASS">
          <reporter-output>
          </reporter-output>
        </test-method> <!-- LoginErrorValidation -->
        <test-method is-config="true" signature="closeDriver()[pri:0, instance:rahulshettyacademy.Tests.ErrorValidations@59474f18]" started-at="2024-06-29T14:04:20 IST" name="closeDriver" finished-at="2024-06-29T14:04:20 IST" duration-ms="88" status="PASS">
          <reporter-output>
          </reporter-output>
        </test-method> <!-- closeDriver -->
      </class> <!-- rahulshettyacademy.Tests.ErrorValidations -->
    </test> <!-- Error Validation -->
  </suite> <!-- Suite -->
</testng-results>
