<?xml version="1.0" encoding="UTF-8"?>
<testng-results ignored="0" total="1" passed="1" failed="0" skipped="0">
  <reporter-output>
  </reporter-output>
  <suite started-at="2024-06-29T11:21:09 IST" name="Default suite" finished-at="2024-06-29T11:21:21 IST" duration-ms="11664">
    <groups>
      <group name="cucumber">
        <method signature="AbstractTestNGCucumberTests.runScenario(io.cucumber.testng.PickleWrapper,io.cucumber.testng.FeatureWrapper)[pri:0, instance:cucumber.testNgtestRunner@6e9a5ed8]" name="runScenario" class="io.cucumber.testng.AbstractTestNGCucumberTests"/>
      </group> <!-- cucumber -->
    </groups>
    <test started-at="2024-06-29T11:21:09 IST" name="Default test" finished-at="2024-06-29T11:21:21 IST" duration-ms="11664">
      <class name="cucumber.testNgtestRunner">
        <test-method is-config="true" signature="setUpClass(org.testng.ITestContext)[pri:0, instance:cucumber.testNgtestRunner@6e9a5ed8]" started-at="2024-06-29T11:21:09 IST" name="setUpClass" finished-at="2024-06-29T11:21:10 IST" duration-ms="810" status="PASS">
          <params>
            <param index="0">
              <value>
                <![CDATA[org.testng.TestRunner@25b52284]]>
              </value>
            </param>
          </params>
          <reporter-output>
          </reporter-output>
        </test-method> <!-- setUpClass -->
        <test-method signature="runScenario(io.cucumber.testng.PickleWrapper,io.cucumber.testng.FeatureWrapper)[pri:0, instance:cucumber.testNgtestRunner@6e9a5ed8]" started-at="2024-06-29T11:21:10 IST" name="runScenario" description="Runs Cucumber Scenarios" data-provider="scenarios" finished-at="2024-06-29T11:21:21 IST" duration-ms="10759" status="PASS">
          <params>
            <param index="0">
              <value>
                <![CDATA["Title of your scenario outline"]]>
              </value>
            </param>
            <param index="1">
              <value>
                <![CDATA["Error Validation"]]>
              </value>
            </param>
          </params>
          <reporter-output>
          </reporter-output>
        </test-method> <!-- runScenario -->
        <test-method is-config="true" signature="tearDownClass()[pri:0, instance:cucumber.testNgtestRunner@6e9a5ed8]" started-at="2024-06-29T11:21:21 IST" name="tearDownClass" finished-at="2024-06-29T11:21:21 IST" duration-ms="31" status="PASS">
          <reporter-output>
          </reporter-output>
        </test-method> <!-- tearDownClass -->
      </class> <!-- cucumber.testNgtestRunner -->
    </test> <!-- Default test -->
  </suite> <!-- Default suite -->
</testng-results>
